This file contains any messages produced by compilers while
running configure, to aid debugging if configure makes a mistake.

It was created by configure, which was
generated by GNU Autoconf 2.69.  Invocation command line was

  $ /data/build/build/HOST-x86_64-w64-mingw32/arm-cortexm7f-eabi/src/gcc/configure --build=x86_64-build_pc-linux-gnu --host=x86_64-host_w64-mingw32 --target=arm-cortexm7f-eabi --prefix=/usr/local/arm-none-eabi --exec_prefix=/usr/local/arm-none-eabi/newlib-nano --with-local-prefix=/usr/local/arm-none-eabi/arm-cortexm7f-eabi --with-headers=/usr/local/arm-none-eabi/arm-cortexm7f-eabi/include --with-headers=/usr/local/arm-none-eabi/newlib-nano/include --with-newlib --enable-threads=no --disable-shared --with-cpu=cortex-m7 --with-fpu=fpv5-d16 --with-float=hard --enable-__cxa_atexit --enable-cxx-flags=-Os -fexceptions -fasynchronous-unwind-tables -ffunction-sections -fdata-sections -fsingle-precision-constant --disable-libgomp --disable-libmudflap --disable-libmpx --disable-libquadmath --disable-libquadmath-support --with-gmp=/data/build/build/HOST-x86_64-w64-mingw32/arm-cortexm7f-eabi/buildtools/complibs-host --with-mpfr=/data/build/build/HOST-x86_64-w64-mingw32/arm-cortexm7f-eabi/buildtools/complibs-host --with-mpc=/data/build/build/HOST-x86_64-w64-mingw32/arm-cortexm7f-eabi/buildtools/complibs-host --with-isl=/data/build/build/HOST-x86_64-w64-mingw32/arm-cortexm7f-eabi/buildtools/complibs-host --enable-lto --enable-target-optspace --disable-libstdcxx-pch --enable-decimal-float=no --disable-nls --disable-multilib --enable-languages=c,c++ --with-mode=thumb --disable-libstdcxx-verbose

## --------- ##
## Platform. ##
## --------- ##

hostname = 85039110f307
uname -m = x86_64
uname -r = 4.18.0-348.12.2.el8_5.x86_64
uname -s = Linux
uname -v = #1 SMP Mon Jan 17 07:06:06 EST 2022

/usr/bin/uname -p = x86_64
/bin/uname -X     = unknown

/bin/arch              = x86_64
/usr/bin/arch -k       = unknown
/usr/convex/getsysinfo = unknown
/usr/bin/hostinfo      = unknown
/bin/machine           = unknown
/usr/bin/oslevel       = unknown
/bin/universe          = unknown

PATH: /data/build/build/HOST-x86_64-w64-mingw32/arm-cortexm7f-eabi/buildtools/bin
PATH: /data/build/build/tools/bin
PATH: /usr/local/sbin
PATH: /usr/local/bin
PATH: /usr/sbin
PATH: /usr/bin
PATH: /sbin
PATH: /bin


## ----------- ##
## Core tests. ##
## ----------- ##

configure:2358: checking build system type
configure:2372: result: x86_64-build_pc-linux-gnu
configure:2419: checking host system type
configure:2432: result: x86_64-host_w64-mingw32
configure:2452: checking target system type
configure:2465: result: arm-cortexm7f-eabi
configure:2519: checking for a BSD-compatible install
configure:2587: result: /data/build/build/tools/bin/install -c
configure:2598: checking whether ln works
configure:2620: result: yes
configure:2624: checking whether ln -s works
configure:2628: result: yes
configure:2635: checking for a sed that does not truncate output
configure:2699: result: /data/build/build/tools/bin/sed
configure:2708: checking for gawk
configure:2724: found /usr/bin/gawk
configure:2735: result: gawk
configure:3229: checking for libatomic support
configure:3235: result: no
configure:3267: checking for libitm support
configure:3273: result: no
configure:3286: checking for libsanitizer support
configure:3292: result: no
configure:3305: checking for libvtv support
configure:3311: result: no
configure:3325: checking for libhsail-rt support
configure:3331: result: no
configure:3458: checking for libphobos support
configure:3464: result: no
configure:4129: checking for x86_64-host_w64-mingw32-gcc
configure:4145: found /data/build/build/HOST-x86_64-w64-mingw32/arm-cortexm7f-eabi/buildtools/bin/x86_64-host_w64-mingw32-gcc
configure:4156: result: x86_64-host_w64-mingw32-gcc
configure:4425: checking for C compiler version
configure:4434: x86_64-host_w64-mingw32-gcc --version >&5
x86_64-w64-mingw32-gcc (GCC) 11.2.1 20210728 (Fedora MinGW 11.2.1-3.fc35)
Copyright (C) 2021 Free Software Foundation, Inc.
This is free software; see the source for copying conditions.  There is NO
warranty; not even for MERCHANTABILITY or FITNESS FOR A PARTICULAR PURPOSE.

configure:4445: $? = 0
configure:4434: x86_64-host_w64-mingw32-gcc -v >&5
Using built-in specs.
COLLECT_GCC=/usr/bin/x86_64-w64-mingw32-gcc
COLLECT_LTO_WRAPPER=/usr/libexec/gcc/x86_64-w64-mingw32/11.2.1/lto-wrapper
Target: x86_64-w64-mingw32
Configured with: ../configure --prefix=/usr --bindir=/usr/bin --includedir=/usr/include --mandir=/usr/share/man --infodir=/usr/share/info --datadir=/usr/share --build=x86_64-redhat-linux-gnu --host=x86_64-redhat-linux-gnu --with-gnu-as --with-gnu-ld --verbose --without-newlib --disable-multilib --disable-plugin --with-system-zlib --disable-nls --without-included-gettext --disable-win32-registry --enable-languages=c,c++,objc,obj-c++,fortran --with-bugurl=http://bugzilla.redhat.com/bugzilla --enable-threads=posix --with-isl --enable-libgomp --target=x86_64-w64-mingw32 --with-sysroot=/usr/x86_64-w64-mingw32/sys-root --with-gxx-include-dir=/usr/x86_64-w64-mingw32/sys-root/mingw/include/c++
Thread model: posix
Supported LTO compression algorithms: zlib
gcc version 11.2.1 20210728 (Fedora MinGW 11.2.1-3.fc35) (GCC) 
configure:4445: $? = 0
configure:4434: x86_64-host_w64-mingw32-gcc -V >&5
x86_64-w64-mingw32-gcc: error: unrecognized command-line option '-V'
x86_64-w64-mingw32-gcc: fatal error: no input files
compilation terminated.
configure:4445: $? = 1
configure:4434: x86_64-host_w64-mingw32-gcc -qversion >&5
x86_64-w64-mingw32-gcc: error: unrecognized command-line option '-qversion'; did you mean '--version'?
x86_64-w64-mingw32-gcc: fatal error: no input files
compilation terminated.
configure:4445: $? = 1
configure:4465: checking whether the C compiler works
configure:4487: x86_64-host_w64-mingw32-gcc -O2 -g -pipe -I/data/build/build/HOST-x86_64-w64-mingw32/arm-cortexm7f-eabi/buildtools/complibs-host/include   -L/data/build/build/HOST-x86_64-w64-mingw32/arm-cortexm7f-eabi/buildtools/complibs-host/lib -fstack-protector -lstdc++ -lm conftest.c  >&5
configure:4491: $? = 0
configure:4539: result: yes
configure:4542: checking for C compiler default output file name
configure:4544: result: a.exe
configure:4550: checking for suffix of executables
configure:4557: x86_64-host_w64-mingw32-gcc -o conftest.exe -O2 -g -pipe -I/data/build/build/HOST-x86_64-w64-mingw32/arm-cortexm7f-eabi/buildtools/complibs-host/include   -L/data/build/build/HOST-x86_64-w64-mingw32/arm-cortexm7f-eabi/buildtools/complibs-host/lib -fstack-protector -lstdc++ -lm conftest.c  >&5
configure:4561: $? = 0
configure:4583: result: .exe
configure:4605: checking whether we are cross compiling
configure:4643: result: yes
configure:4648: checking for suffix of object files
configure:4670: x86_64-host_w64-mingw32-gcc -c -O2 -g -pipe -I/data/build/build/HOST-x86_64-w64-mingw32/arm-cortexm7f-eabi/buildtools/complibs-host/include   conftest.c >&5
configure:4674: $? = 0
configure:4695: result: o
configure:4699: checking whether we are using the GNU C compiler
configure:4718: x86_64-host_w64-mingw32-gcc -c -O2 -g -pipe -I/data/build/build/HOST-x86_64-w64-mingw32/arm-cortexm7f-eabi/buildtools/complibs-host/include   conftest.c >&5
configure:4718: $? = 0
configure:4727: result: yes
configure:4736: checking whether x86_64-host_w64-mingw32-gcc accepts -g
configure:4756: x86_64-host_w64-mingw32-gcc -c -g  conftest.c >&5
configure:4756: $? = 0
configure:4797: result: yes
configure:4814: checking for x86_64-host_w64-mingw32-gcc option to accept ISO C89
configure:4877: x86_64-host_w64-mingw32-gcc  -c -O2 -g -pipe -I/data/build/build/HOST-x86_64-w64-mingw32/arm-cortexm7f-eabi/buildtools/complibs-host/include   conftest.c >&5
configure:4877: $? = 0
configure:4890: result: none needed
configure:4924: checking for x86_64-host_w64-mingw32-g++
configure:4940: found /data/build/build/HOST-x86_64-w64-mingw32/arm-cortexm7f-eabi/buildtools/bin/x86_64-host_w64-mingw32-g++
configure:4951: result: x86_64-host_w64-mingw32-g++
configure:5022: checking for C++ compiler version
configure:5031: x86_64-host_w64-mingw32-g++ --version >&5
x86_64-w64-mingw32-g++ (GCC) 11.2.1 20210728 (Fedora MinGW 11.2.1-3.fc35)
Copyright (C) 2021 Free Software Foundation, Inc.
This is free software; see the source for copying conditions.  There is NO
warranty; not even for MERCHANTABILITY or FITNESS FOR A PARTICULAR PURPOSE.

configure:5042: $? = 0
configure:5031: x86_64-host_w64-mingw32-g++ -v >&5
Using built-in specs.
COLLECT_GCC=/usr/bin/x86_64-w64-mingw32-g++
COLLECT_LTO_WRAPPER=/usr/libexec/gcc/x86_64-w64-mingw32/11.2.1/lto-wrapper
Target: x86_64-w64-mingw32
Configured with: ../configure --prefix=/usr --bindir=/usr/bin --includedir=/usr/include --mandir=/usr/share/man --infodir=/usr/share/info --datadir=/usr/share --build=x86_64-redhat-linux-gnu --host=x86_64-redhat-linux-gnu --with-gnu-as --with-gnu-ld --verbose --without-newlib --disable-multilib --disable-plugin --with-system-zlib --disable-nls --without-included-gettext --disable-win32-registry --enable-languages=c,c++,objc,obj-c++,fortran --with-bugurl=http://bugzilla.redhat.com/bugzilla --enable-threads=posix --with-isl --enable-libgomp --target=x86_64-w64-mingw32 --with-sysroot=/usr/x86_64-w64-mingw32/sys-root --with-gxx-include-dir=/usr/x86_64-w64-mingw32/sys-root/mingw/include/c++
Thread model: posix
Supported LTO compression algorithms: zlib
gcc version 11.2.1 20210728 (Fedora MinGW 11.2.1-3.fc35) (GCC) 
configure:5042: $? = 0
configure:5031: x86_64-host_w64-mingw32-g++ -V >&5
x86_64-w64-mingw32-g++: error: unrecognized command-line option '-V'
x86_64-w64-mingw32-g++: fatal error: no input files
compilation terminated.
configure:5042: $? = 1
configure:5031: x86_64-host_w64-mingw32-g++ -qversion >&5
x86_64-w64-mingw32-g++: error: unrecognized command-line option '-qversion'; did you mean '--version'?
x86_64-w64-mingw32-g++: fatal error: no input files
compilation terminated.
configure:5042: $? = 1
configure:5046: checking whether we are using the GNU C++ compiler
configure:5065: x86_64-host_w64-mingw32-g++ -c -O2 -g -pipe -I/data/build/build/HOST-x86_64-w64-mingw32/arm-cortexm7f-eabi/buildtools/complibs-host/include    conftest.cpp >&5
configure:5065: $? = 0
configure:5074: result: yes
configure:5083: checking whether x86_64-host_w64-mingw32-g++ accepts -g
configure:5103: x86_64-host_w64-mingw32-g++ -c -g  conftest.cpp >&5
configure:5103: $? = 0
configure:5144: result: yes
configure:5193: checking whether g++ accepts -static-libstdc++ -static-libgcc
configure:5210: x86_64-host_w64-mingw32-g++ -o conftest.exe -O2 -g -pipe -I/data/build/build/HOST-x86_64-w64-mingw32/arm-cortexm7f-eabi/buildtools/complibs-host/include    -L/data/build/build/HOST-x86_64-w64-mingw32/arm-cortexm7f-eabi/buildtools/complibs-host/lib -fstack-protector -lstdc++ -lm -static-libstdc++ -static-libgcc conftest.cpp  >&5
configure:5210: $? = 0
configure:5211: result: yes
configure:5235: checking for x86_64-host_w64-mingw32-gnatbind
configure:5265: result: no
configure:5275: checking for gnatbind
configure:5305: result: no
configure:5327: checking for x86_64-host_w64-mingw32-gnatmake
configure:5357: result: no
configure:5367: checking for gnatmake
configure:5397: result: no
configure:5416: checking whether compiler driver understands Ada
configure:5439: result: no
configure:5448: checking how to compare bootstrapped objects
configure:5473: result: cmp --ignore-initial=16 $$f1 $$f2
configure:5540: checking whether x86_64-host_w64-mingw32-g++ supports C++11 features by default
configure:5836: x86_64-host_w64-mingw32-g++ -c -O2 -g -pipe -I/data/build/build/HOST-x86_64-w64-mingw32/arm-cortexm7f-eabi/buildtools/complibs-host/include    conftest.cpp >&5
configure:5836: $? = 0
configure:5843: result: yes
configure:6539: checking whether g++ supports C++11 features by default
configure:6835: g++ -c -O2 -g -I/data/build/build/HOST-x86_64-w64-mingw32/arm-cortexm7f-eabi/buildtools/include    conftest.cpp >&5
configure:6835: $? = 0
configure:6842: result: yes
configure:7532: checking for objdir
configure:7547: result: .libs
configure:7718: checking for the correct version of gmp.h
configure:7738: x86_64-host_w64-mingw32-gcc -c -O2 -g -pipe -I/data/build/build/HOST-x86_64-w64-mingw32/arm-cortexm7f-eabi/buildtools/complibs-host/include  -I/data/build/build/HOST-x86_64-w64-mingw32/arm-cortexm7f-eabi/buildtools/complibs-host/include -I/data/build/build/HOST-x86_64-w64-mingw32/arm-cortexm7f-eabi/buildtools/complibs-host/include -I/data/build/build/HOST-x86_64-w64-mingw32/arm-cortexm7f-eabi/buildtools/complibs-host/include   conftest.c >&5
configure:7738: $? = 0
configure:7756: x86_64-host_w64-mingw32-gcc -c -O2 -g -pipe -I/data/build/build/HOST-x86_64-w64-mingw32/arm-cortexm7f-eabi/buildtools/complibs-host/include  -I/data/build/build/HOST-x86_64-w64-mingw32/arm-cortexm7f-eabi/buildtools/complibs-host/include -I/data/build/build/HOST-x86_64-w64-mingw32/arm-cortexm7f-eabi/buildtools/complibs-host/include -I/data/build/build/HOST-x86_64-w64-mingw32/arm-cortexm7f-eabi/buildtools/complibs-host/include   conftest.c >&5
configure:7756: $? = 0
configure:7757: result: yes
configure:7773: checking for the correct version of mpfr.h
configure:7791: x86_64-host_w64-mingw32-gcc -c -O2 -g -pipe -I/data/build/build/HOST-x86_64-w64-mingw32/arm-cortexm7f-eabi/buildtools/complibs-host/include  -I/data/build/build/HOST-x86_64-w64-mingw32/arm-cortexm7f-eabi/buildtools/complibs-host/include -I/data/build/build/HOST-x86_64-w64-mingw32/arm-cortexm7f-eabi/buildtools/complibs-host/include -I/data/build/build/HOST-x86_64-w64-mingw32/arm-cortexm7f-eabi/buildtools/complibs-host/include   conftest.c >&5
configure:7791: $? = 0
configure:7808: x86_64-host_w64-mingw32-gcc -c -O2 -g -pipe -I/data/build/build/HOST-x86_64-w64-mingw32/arm-cortexm7f-eabi/buildtools/complibs-host/include  -I/data/build/build/HOST-x86_64-w64-mingw32/arm-cortexm7f-eabi/buildtools/complibs-host/include -I/data/build/build/HOST-x86_64-w64-mingw32/arm-cortexm7f-eabi/buildtools/complibs-host/include -I/data/build/build/HOST-x86_64-w64-mingw32/arm-cortexm7f-eabi/buildtools/complibs-host/include   conftest.c >&5
configure:7808: $? = 0
configure:7809: result: yes
configure:7826: checking for the correct version of mpc.h
configure:7843: x86_64-host_w64-mingw32-gcc -c -O2 -g -pipe -I/data/build/build/HOST-x86_64-w64-mingw32/arm-cortexm7f-eabi/buildtools/complibs-host/include  -I/data/build/build/HOST-x86_64-w64-mingw32/arm-cortexm7f-eabi/buildtools/complibs-host/include -I/data/build/build/HOST-x86_64-w64-mingw32/arm-cortexm7f-eabi/buildtools/complibs-host/include -I/data/build/build/HOST-x86_64-w64-mingw32/arm-cortexm7f-eabi/buildtools/complibs-host/include   conftest.c >&5
configure:7843: $? = 0
configure:7859: x86_64-host_w64-mingw32-gcc -c -O2 -g -pipe -I/data/build/build/HOST-x86_64-w64-mingw32/arm-cortexm7f-eabi/buildtools/complibs-host/include  -I/data/build/build/HOST-x86_64-w64-mingw32/arm-cortexm7f-eabi/buildtools/complibs-host/include -I/data/build/build/HOST-x86_64-w64-mingw32/arm-cortexm7f-eabi/buildtools/complibs-host/include -I/data/build/build/HOST-x86_64-w64-mingw32/arm-cortexm7f-eabi/buildtools/complibs-host/include   conftest.c >&5
configure:7859: $? = 0
configure:7860: result: yes
configure:7878: checking for the correct version of the gmp/mpfr/mpc libraries
configure:7909: x86_64-host_w64-mingw32-gcc -o conftest.exe -O2 -g -pipe -I/data/build/build/HOST-x86_64-w64-mingw32/arm-cortexm7f-eabi/buildtools/complibs-host/include  -I/data/build/build/HOST-x86_64-w64-mingw32/arm-cortexm7f-eabi/buildtools/complibs-host/include -I/data/build/build/HOST-x86_64-w64-mingw32/arm-cortexm7f-eabi/buildtools/complibs-host/include -I/data/build/build/HOST-x86_64-w64-mingw32/arm-cortexm7f-eabi/buildtools/complibs-host/include   -L/data/build/build/HOST-x86_64-w64-mingw32/arm-cortexm7f-eabi/buildtools/complibs-host/lib -fstack-protector -lstdc++ -lm conftest.c  -L/data/build/build/HOST-x86_64-w64-mingw32/arm-cortexm7f-eabi/buildtools/complibs-host/lib -L/data/build/build/HOST-x86_64-w64-mingw32/arm-cortexm7f-eabi/buildtools/complibs-host/lib -L/data/build/build/HOST-x86_64-w64-mingw32/arm-cortexm7f-eabi/buildtools/complibs-host/lib -lmpc -lmpfr -lgmp >&5
configure:7909: $? = 0
configure:7910: result: yes
configure:8113: checking for isl 0.15 or later
configure:8126: x86_64-host_w64-mingw32-gcc -o conftest.exe -O2 -g -pipe -I/data/build/build/HOST-x86_64-w64-mingw32/arm-cortexm7f-eabi/buildtools/complibs-host/include  -I/data/build/build/HOST-x86_64-w64-mingw32/arm-cortexm7f-eabi/buildtools/complibs-host/include -I/data/build/build/HOST-x86_64-w64-mingw32/arm-cortexm7f-eabi/buildtools/complibs-host/include -I/data/build/build/HOST-x86_64-w64-mingw32/arm-cortexm7f-eabi/buildtools/complibs-host/include -I/data/build/build/HOST-x86_64-w64-mingw32/arm-cortexm7f-eabi/buildtools/complibs-host/include   -L/data/build/build/HOST-x86_64-w64-mingw32/arm-cortexm7f-eabi/buildtools/complibs-host/lib -fstack-protector -lstdc++ -lm -L/data/build/build/HOST-x86_64-w64-mingw32/arm-cortexm7f-eabi/buildtools/complibs-host/lib -lisl -L/data/build/build/HOST-x86_64-w64-mingw32/arm-cortexm7f-eabi/buildtools/complibs-host/lib -L/data/build/build/HOST-x86_64-w64-mingw32/arm-cortexm7f-eabi/buildtools/complibs-host/lib -L/data/build/build/HOST-x86_64-w64-mingw32/arm-cortexm7f-eabi/buildtools/complibs-host/lib -lmpc -lmpfr -lgmp conftest.c  -lisl -lgmp >&5
configure:8126: $? = 0
configure:8133: result: yes
